TN:
SF:modules/utils/functions.ts
FN:2,analyzePersonalData
FN:12,calculateEligibilityPoints
FN:62,clampEligibilityPoints
FNF:3
FNH:3
FNDA:2,analyzePersonalData
FNDA:2,calculateEligibilityPoints
FNDA:3,clampEligibilityPoints
DA:2,1
DA:3,2
DA:4,2
DA:5,2
DA:7,0
DA:8,0
DA:13,2
DA:15,2
DA:16,1
DA:17,1
DA:18,1
DA:19,0
DA:20,0
DA:23,2
DA:24,1
DA:25,1
DA:26,0
DA:27,1
DA:28,1
DA:31,2
DA:32,1
DA:33,1
DA:34,1
DA:35,0
DA:36,0
DA:39,2
DA:40,1
DA:41,1
DA:42,1
DA:43,0
DA:44,0
DA:47,2
DA:48,1
DA:50,1
DA:53,2
DA:54,1
DA:56,1
DA:59,2
DA:62,1
DA:63,3
DA:64,1
DA:67,2
LF:42
LH:33
BRDA:15,0,0,1
BRDA:15,0,1,1
BRDA:17,1,0,1
BRDA:17,1,1,0
BRDA:19,2,0,0
BRDA:23,3,0,1
BRDA:23,3,1,1
BRDA:25,4,0,0
BRDA:25,4,1,1
BRDA:27,5,0,1
BRDA:31,6,0,1
BRDA:31,6,1,1
BRDA:33,7,0,1
BRDA:33,7,1,0
BRDA:35,8,0,0
BRDA:39,9,0,1
BRDA:39,9,1,1
BRDA:41,10,0,1
BRDA:41,10,1,0
BRDA:43,11,0,0
BRDA:47,12,0,1
BRDA:47,12,1,1
BRDA:53,13,0,1
BRDA:53,13,1,1
BRDA:63,14,0,1
BRF:25
BRH:18
end_of_record
